<?xml version="1.0" encoding="UTF-8"?>
<!-- Generated by org.testng.reporters.JUnitReportReporter -->
<testsuite hostname="DESKTOP-55E04N3" failures="0" tests="1" name="org.mvn.testscripts.PracticeNew3Test" time="0.005" errors="0" timestamp="18 Jul 2022 10:39:37 GMT">
  <testcase classname="org.mvn.testscripts.PracticeNew3Test" name="practiceSet" time="0.005"/>
</testsuite> <!-- org.mvn.testscripts.PracticeNew3Test -->
