<?xml version="1.0" encoding="UTF-8"?>
<!-- Generated by org.testng.reporters.JUnitReportReporter -->
<testsuite hostname="DESKTOP-55E04N3" failures="0" tests="1" name="org.mvn.testscripts.PracticeNew2Test" time="0.001" errors="0" timestamp="18 Jul 2022 11:12:14 GMT">
  <testcase classname="org.mvn.testscripts.PracticeNew2Test" name="practiceNew2Test" time="0.001"/>
</testsuite> <!-- org.mvn.testscripts.PracticeNew2Test -->
