<?xml version="1.0" encoding="UTF-8"?>
<!-- Generated by org.testng.reporters.JUnitReportReporter -->
<testsuite hostname="DESKTOP-55E04N3" failures="0" tests="1" name="org.mvn.testscripts.PracticeNew1Test" time="0.007" errors="0" timestamp="18 Jul 2022 11:12:14 GMT">
  <testcase classname="org.mvn.testscripts.PracticeNew1Test" name="practiceNew1Test" time="0.007"/>
</testsuite> <!-- org.mvn.testscripts.PracticeNew1Test -->
